CRITICAL - 2021-01-06 00:32:36 --> Invalid file: Pages/itemssave.php
#0 C:\xampp\htdocs\yourcake\system\View\View.php(203): CodeIgniter\Exceptions\FrameworkException::forInvalidFile('Pages/itemssave...')
#1 C:\xampp\htdocs\yourcake\system\Common.php(1213): CodeIgniter\View\View->render('Pages/itemssave', Array, true)
#2 C:\xampp\htdocs\yourcake\app\Controllers\Home.php(113): view('Pages/itemssave', Array)
#3 C:\xampp\htdocs\yourcake\system\CodeIgniter.php(931): App\Controllers\Home->itemscreate()
#4 C:\xampp\htdocs\yourcake\system\CodeIgniter.php(427): CodeIgniter\CodeIgniter->runController(Object(App\Controllers\Home))
#5 C:\xampp\htdocs\yourcake\system\CodeIgniter.php(333): CodeIgniter\CodeIgniter->handleRequest(NULL, Object(Config\Cache), false)
#6 C:\xampp\htdocs\yourcake\public\index.php(44): CodeIgniter\CodeIgniter->run()
#7 C:\xampp\htdocs\yourcake\system\Commands\Server\rewrite.php(45): require_once('C:\\xampp\\htdocs...')
#8 {main}
CRITICAL - 2021-01-06 00:35:30 --> Invalid file: Pages/itemssave.php
#0 C:\xampp\htdocs\yourcake\system\View\View.php(203): CodeIgniter\Exceptions\FrameworkException::forInvalidFile('Pages/itemssave...')
#1 C:\xampp\htdocs\yourcake\system\Common.php(1213): CodeIgniter\View\View->render('Pages/itemssave', Array, true)
#2 C:\xampp\htdocs\yourcake\app\Controllers\Home.php(113): view('Pages/itemssave', Array)
#3 C:\xampp\htdocs\yourcake\system\CodeIgniter.php(931): App\Controllers\Home->itemscreate()
#4 C:\xampp\htdocs\yourcake\system\CodeIgniter.php(427): CodeIgniter\CodeIgniter->runController(Object(App\Controllers\Home))
#5 C:\xampp\htdocs\yourcake\system\CodeIgniter.php(333): CodeIgniter\CodeIgniter->handleRequest(NULL, Object(Config\Cache), false)
#6 C:\xampp\htdocs\yourcake\public\index.php(44): CodeIgniter\CodeIgniter->run()
#7 C:\xampp\htdocs\yourcake\system\Commands\Server\rewrite.php(45): require_once('C:\\xampp\\htdocs...')
#8 {main}
CRITICAL - 2021-01-06 00:35:33 --> Invalid file: Pages/itemssave.php
#0 C:\xampp\htdocs\yourcake\system\View\View.php(203): CodeIgniter\Exceptions\FrameworkException::forInvalidFile('Pages/itemssave...')
#1 C:\xampp\htdocs\yourcake\system\Common.php(1213): CodeIgniter\View\View->render('Pages/itemssave', Array, true)
#2 C:\xampp\htdocs\yourcake\app\Controllers\Home.php(113): view('Pages/itemssave', Array)
#3 C:\xampp\htdocs\yourcake\system\CodeIgniter.php(931): App\Controllers\Home->itemscreate()
#4 C:\xampp\htdocs\yourcake\system\CodeIgniter.php(427): CodeIgniter\CodeIgniter->runController(Object(App\Controllers\Home))
#5 C:\xampp\htdocs\yourcake\system\CodeIgniter.php(333): CodeIgniter\CodeIgniter->handleRequest(NULL, Object(Config\Cache), false)
#6 C:\xampp\htdocs\yourcake\public\index.php(44): CodeIgniter\CodeIgniter->run()
#7 C:\xampp\htdocs\yourcake\system\Commands\Server\rewrite.php(45): require_once('C:\\xampp\\htdocs...')
#8 {main}
CRITICAL - 2021-01-06 00:36:50 --> Invalid file: home/itemssave.php
#0 C:\xampp\htdocs\yourcake\system\View\View.php(203): CodeIgniter\Exceptions\FrameworkException::forInvalidFile('home/itemssave....')
#1 C:\xampp\htdocs\yourcake\system\Common.php(1213): CodeIgniter\View\View->render('home/itemssave', Array, true)
#2 C:\xampp\htdocs\yourcake\app\Controllers\Home.php(113): view('home/itemssave', Array)
#3 C:\xampp\htdocs\yourcake\system\CodeIgniter.php(931): App\Controllers\Home->itemscreate()
#4 C:\xampp\htdocs\yourcake\system\CodeIgniter.php(427): CodeIgniter\CodeIgniter->runController(Object(App\Controllers\Home))
#5 C:\xampp\htdocs\yourcake\system\CodeIgniter.php(333): CodeIgniter\CodeIgniter->handleRequest(NULL, Object(Config\Cache), false)
#6 C:\xampp\htdocs\yourcake\public\index.php(44): CodeIgniter\CodeIgniter->run()
#7 C:\xampp\htdocs\yourcake\system\Commands\Server\rewrite.php(45): require_once('C:\\xampp\\htdocs...')
#8 {main}
CRITICAL - 2021-01-06 00:36:53 --> Invalid file: home/itemssave.php
#0 C:\xampp\htdocs\yourcake\system\View\View.php(203): CodeIgniter\Exceptions\FrameworkException::forInvalidFile('home/itemssave....')
#1 C:\xampp\htdocs\yourcake\system\Common.php(1213): CodeIgniter\View\View->render('home/itemssave', Array, true)
#2 C:\xampp\htdocs\yourcake\app\Controllers\Home.php(113): view('home/itemssave', Array)
#3 C:\xampp\htdocs\yourcake\system\CodeIgniter.php(931): App\Controllers\Home->itemscreate()
#4 C:\xampp\htdocs\yourcake\system\CodeIgniter.php(427): CodeIgniter\CodeIgniter->runController(Object(App\Controllers\Home))
#5 C:\xampp\htdocs\yourcake\system\CodeIgniter.php(333): CodeIgniter\CodeIgniter->handleRequest(NULL, Object(Config\Cache), false)
#6 C:\xampp\htdocs\yourcake\public\index.php(44): CodeIgniter\CodeIgniter->run()
#7 C:\xampp\htdocs\yourcake\system\Commands\Server\rewrite.php(45): require_once('C:\\xampp\\htdocs...')
#8 {main}
CRITICAL - 2021-01-06 00:37:51 --> Invalid file: Home/itemssave.php
#0 C:\xampp\htdocs\yourcake\system\View\View.php(203): CodeIgniter\Exceptions\FrameworkException::forInvalidFile('Home/itemssave....')
#1 C:\xampp\htdocs\yourcake\system\Common.php(1213): CodeIgniter\View\View->render('Home/itemssave', Array, true)
#2 C:\xampp\htdocs\yourcake\app\Controllers\Home.php(113): view('Home/itemssave', Array)
#3 C:\xampp\htdocs\yourcake\system\CodeIgniter.php(931): App\Controllers\Home->itemscreate()
#4 C:\xampp\htdocs\yourcake\system\CodeIgniter.php(427): CodeIgniter\CodeIgniter->runController(Object(App\Controllers\Home))
#5 C:\xampp\htdocs\yourcake\system\CodeIgniter.php(333): CodeIgniter\CodeIgniter->handleRequest(NULL, Object(Config\Cache), false)
#6 C:\xampp\htdocs\yourcake\public\index.php(44): CodeIgniter\CodeIgniter->run()
#7 C:\xampp\htdocs\yourcake\system\Commands\Server\rewrite.php(45): require_once('C:\\xampp\\htdocs...')
#8 {main}
CRITICAL - 2021-01-06 01:12:44 --> syntax error, unexpected ';', expecting ']'
#0 C:\xampp\htdocs\yourcake\system\Router\Router.php(170): CodeIgniter\Router\Router->autoRoute('home/itemscreat...')
#1 C:\xampp\htdocs\yourcake\system\CodeIgniter.php(811): CodeIgniter\Router\Router->handle('home/itemscreat...')
#2 C:\xampp\htdocs\yourcake\system\CodeIgniter.php(385): CodeIgniter\CodeIgniter->tryToRouteIt(Object(CodeIgniter\Router\RouteCollection))
#3 C:\xampp\htdocs\yourcake\system\CodeIgniter.php(333): CodeIgniter\CodeIgniter->handleRequest(NULL, Object(Config\Cache), false)
#4 C:\xampp\htdocs\yourcake\public\index.php(44): CodeIgniter\CodeIgniter->run()
#5 C:\xampp\htdocs\yourcake\system\Commands\Server\rewrite.php(45): require_once('C:\\xampp\\htdocs...')
#6 {main}
CRITICAL - 2021-01-06 01:12:46 --> syntax error, unexpected ';', expecting ']'
#0 C:\xampp\htdocs\yourcake\system\Router\Router.php(170): CodeIgniter\Router\Router->autoRoute('home/crudproduk')
#1 C:\xampp\htdocs\yourcake\system\CodeIgniter.php(811): CodeIgniter\Router\Router->handle('home/crudproduk')
#2 C:\xampp\htdocs\yourcake\system\CodeIgniter.php(385): CodeIgniter\CodeIgniter->tryToRouteIt(Object(CodeIgniter\Router\RouteCollection))
#3 C:\xampp\htdocs\yourcake\system\CodeIgniter.php(333): CodeIgniter\CodeIgniter->handleRequest(NULL, Object(Config\Cache), false)
#4 C:\xampp\htdocs\yourcake\public\index.php(44): CodeIgniter\CodeIgniter->run()
#5 C:\xampp\htdocs\yourcake\system\Commands\Server\rewrite.php(45): require_once('C:\\xampp\\htdocs...')
#6 {main}
CRITICAL - 2021-01-06 01:13:59 --> Undefined variable: title
#0 C:\xampp\htdocs\yourcake\app\Views\home\tambahproduk.php(3): CodeIgniter\Debug\Exceptions->errorHandler(8, 'Undefined varia...', 'C:\\xampp\\htdocs...', 3, Array)
#1 C:\xampp\htdocs\yourcake\system\View\View.php(219): include('C:\\xampp\\htdocs...')
#2 C:\xampp\htdocs\yourcake\system\Common.php(1213): CodeIgniter\View\View->render('home/tambahprod...', Array, true)
#3 C:\xampp\htdocs\yourcake\app\Controllers\Home.php(125): view('home/tambahprod...', Array)
#4 C:\xampp\htdocs\yourcake\system\CodeIgniter.php(931): App\Controllers\Home->itemscreate()
#5 C:\xampp\htdocs\yourcake\system\CodeIgniter.php(427): CodeIgniter\CodeIgniter->runController(Object(App\Controllers\Home))
#6 C:\xampp\htdocs\yourcake\system\CodeIgniter.php(333): CodeIgniter\CodeIgniter->handleRequest(NULL, Object(Config\Cache), false)
#7 C:\xampp\htdocs\yourcake\public\index.php(44): CodeIgniter\CodeIgniter->run()
#8 C:\xampp\htdocs\yourcake\system\Commands\Server\rewrite.php(45): require_once('C:\\xampp\\htdocs...')
#9 {main}
CRITICAL - 2021-01-06 01:15:10 --> Undefined variable: title
#0 C:\xampp\htdocs\yourcake\app\Views\home\tambahproduk.php(3): CodeIgniter\Debug\Exceptions->errorHandler(8, 'Undefined varia...', 'C:\\xampp\\htdocs...', 3, Array)
#1 C:\xampp\htdocs\yourcake\system\View\View.php(219): include('C:\\xampp\\htdocs...')
#2 C:\xampp\htdocs\yourcake\system\Common.php(1213): CodeIgniter\View\View->render('home/tambahprod...', Array, true)
#3 C:\xampp\htdocs\yourcake\app\Controllers\Home.php(125): view('home/tambahprod...', Array)
#4 C:\xampp\htdocs\yourcake\system\CodeIgniter.php(931): App\Controllers\Home->itemscreate()
#5 C:\xampp\htdocs\yourcake\system\CodeIgniter.php(427): CodeIgniter\CodeIgniter->runController(Object(App\Controllers\Home))
#6 C:\xampp\htdocs\yourcake\system\CodeIgniter.php(333): CodeIgniter\CodeIgniter->handleRequest(NULL, Object(Config\Cache), false)
#7 C:\xampp\htdocs\yourcake\public\index.php(44): CodeIgniter\CodeIgniter->run()
#8 C:\xampp\htdocs\yourcake\system\Commands\Server\rewrite.php(45): require_once('C:\\xampp\\htdocs...')
#9 {main}
CRITICAL - 2021-01-06 10:43:14 --> Invalid file: P/itemsedit.php
#0 C:\xampp\htdocs\yourcake\system\View\View.php(203): CodeIgniter\Exceptions\FrameworkException::forInvalidFile('P/itemsedit.php')
#1 C:\xampp\htdocs\yourcake\system\Common.php(1213): CodeIgniter\View\View->render('P/itemsedit', Array, true)
#2 C:\xampp\htdocs\yourcake\app\Controllers\Home.php(144): view('P/itemsedit', Array)
#3 C:\xampp\htdocs\yourcake\system\CodeIgniter.php(931): App\Controllers\Home->itemsedit('1')
#4 C:\xampp\htdocs\yourcake\system\CodeIgniter.php(427): CodeIgniter\CodeIgniter->runController(Object(App\Controllers\Home))
#5 C:\xampp\htdocs\yourcake\system\CodeIgniter.php(333): CodeIgniter\CodeIgniter->handleRequest(NULL, Object(Config\Cache), false)
#6 C:\xampp\htdocs\yourcake\public\index.php(44): CodeIgniter\CodeIgniter->run()
#7 C:\xampp\htdocs\yourcake\system\Commands\Server\rewrite.php(45): require_once('C:\\xampp\\htdocs...')
#8 {main}
CRITICAL - 2021-01-06 10:43:50 --> Invalid file: home/itemsedit.php
#0 C:\xampp\htdocs\yourcake\system\View\View.php(203): CodeIgniter\Exceptions\FrameworkException::forInvalidFile('home/itemsedit....')
#1 C:\xampp\htdocs\yourcake\system\Common.php(1213): CodeIgniter\View\View->render('home/itemsedit', Array, true)
#2 C:\xampp\htdocs\yourcake\app\Controllers\Home.php(144): view('home/itemsedit', Array)
#3 C:\xampp\htdocs\yourcake\system\CodeIgniter.php(931): App\Controllers\Home->itemsedit('1')
#4 C:\xampp\htdocs\yourcake\system\CodeIgniter.php(427): CodeIgniter\CodeIgniter->runController(Object(App\Controllers\Home))
#5 C:\xampp\htdocs\yourcake\system\CodeIgniter.php(333): CodeIgniter\CodeIgniter->handleRequest(NULL, Object(Config\Cache), false)
#6 C:\xampp\htdocs\yourcake\public\index.php(44): CodeIgniter\CodeIgniter->run()
#7 C:\xampp\htdocs\yourcake\system\Commands\Server\rewrite.php(45): require_once('C:\\xampp\\htdocs...')
#8 {main}
CRITICAL - 2021-01-06 10:44:14 --> Invalid file: home/itemsedit.php
#0 C:\xampp\htdocs\yourcake\system\View\View.php(203): CodeIgniter\Exceptions\FrameworkException::forInvalidFile('home/itemsedit....')
#1 C:\xampp\htdocs\yourcake\system\Common.php(1213): CodeIgniter\View\View->render('home/itemsedit', Array, true)
#2 C:\xampp\htdocs\yourcake\app\Controllers\Home.php(144): view('home/itemsedit', Array)
#3 C:\xampp\htdocs\yourcake\system\CodeIgniter.php(931): App\Controllers\Home->itemsedit('1')
#4 C:\xampp\htdocs\yourcake\system\CodeIgniter.php(427): CodeIgniter\CodeIgniter->runController(Object(App\Controllers\Home))
#5 C:\xampp\htdocs\yourcake\system\CodeIgniter.php(333): CodeIgniter\CodeIgniter->handleRequest(NULL, Object(Config\Cache), false)
#6 C:\xampp\htdocs\yourcake\public\index.php(44): CodeIgniter\CodeIgniter->run()
#7 C:\xampp\htdocs\yourcake\system\Commands\Server\rewrite.php(45): require_once('C:\\xampp\\htdocs...')
#8 {main}
