ERROR - 2021-01-05 03:47:52 --> Error connecting to the database: Access denied for user ''@'localhost' (using password: NO)
CRITICAL - 2021-01-05 04:04:33 --> syntax error, unexpected ';', expecting ']'
#0 C:\xampp\htdocs\yourcake\system\Autoloader\Autoloader.php(274): CodeIgniter\Autoloader\Autoloader->includeFile('C:\\xampp\\htdocs...')
#1 C:\xampp\htdocs\yourcake\system\Autoloader\Autoloader.php(228): CodeIgniter\Autoloader\Autoloader->loadInNamespace('Config\\Filters')
#2 [internal function]: CodeIgniter\Autoloader\Autoloader->loadClass('Config\\Filters')
#3 [internal function]: spl_autoload_call('Config\\Filters')
#4 C:\xampp\htdocs\yourcake\system\Config\Factories.php(144): class_exists('Config\\Filters')
#5 C:\xampp\htdocs\yourcake\system\Config\Factories.php(109): CodeIgniter\Config\Factories::locateClass(Array, 'Filters')
#6 C:\xampp\htdocs\yourcake\system\Common.php(221): CodeIgniter\Config\Factories::__callStatic('config', Array)
#7 C:\xampp\htdocs\yourcake\system\Config\Services.php(283): config('Filters')
#8 C:\xampp\htdocs\yourcake\system\Config\BaseService.php(100): CodeIgniter\Config\Services::filters(NULL, false)
#9 C:\xampp\htdocs\yourcake\system\Config\Services.php(280): CodeIgniter\Config\BaseService::getSharedInstance('filters', NULL)
#10 C:\xampp\htdocs\yourcake\system\CodeIgniter.php(388): CodeIgniter\Config\Services::filters()
#11 C:\xampp\htdocs\yourcake\system\CodeIgniter.php(333): CodeIgniter\CodeIgniter->handleRequest(NULL, Object(Config\Cache), false)
#12 C:\xampp\htdocs\yourcake\public\index.php(44): CodeIgniter\CodeIgniter->run()
#13 C:\xampp\htdocs\yourcake\system\Commands\Server\rewrite.php(45): require_once('C:\\xampp\\htdocs...')
#14 {main}
CRITICAL - 2021-01-05 08:28:09 --> Class 'App\Models\ProdukModel' not found
#0 C:\xampp\htdocs\yourcake\system\CodeIgniter.php(903): App\Controllers\Home->__construct()
#1 C:\xampp\htdocs\yourcake\system\CodeIgniter.php(417): CodeIgniter\CodeIgniter->createController()
#2 C:\xampp\htdocs\yourcake\system\CodeIgniter.php(333): CodeIgniter\CodeIgniter->handleRequest(NULL, Object(Config\Cache), false)
#3 C:\xampp\htdocs\yourcake\public\index.php(44): CodeIgniter\CodeIgniter->run()
#4 C:\xampp\htdocs\yourcake\system\Commands\Server\rewrite.php(45): require_once('C:\\xampp\\htdocs...')
#5 {main}
CRITICAL - 2021-01-05 08:33:16 --> Class 'App\Models\ProdukModel' not found
#0 C:\xampp\htdocs\yourcake\system\CodeIgniter.php(903): App\Controllers\Home->__construct()
#1 C:\xampp\htdocs\yourcake\system\CodeIgniter.php(417): CodeIgniter\CodeIgniter->createController()
#2 C:\xampp\htdocs\yourcake\system\CodeIgniter.php(333): CodeIgniter\CodeIgniter->handleRequest(NULL, Object(Config\Cache), false)
#3 C:\xampp\htdocs\yourcake\public\index.php(44): CodeIgniter\CodeIgniter->run()
#4 C:\xampp\htdocs\yourcake\system\Commands\Server\rewrite.php(45): require_once('C:\\xampp\\htdocs...')
#5 {main}
CRITICAL - 2021-01-05 08:33:18 --> Class 'App\Models\ProdukModel' not found
#0 C:\xampp\htdocs\yourcake\system\CodeIgniter.php(903): App\Controllers\Home->__construct()
#1 C:\xampp\htdocs\yourcake\system\CodeIgniter.php(417): CodeIgniter\CodeIgniter->createController()
#2 C:\xampp\htdocs\yourcake\system\CodeIgniter.php(333): CodeIgniter\CodeIgniter->handleRequest(NULL, Object(Config\Cache), false)
#3 C:\xampp\htdocs\yourcake\public\index.php(44): CodeIgniter\CodeIgniter->run()
#4 C:\xampp\htdocs\yourcake\system\Commands\Server\rewrite.php(45): require_once('C:\\xampp\\htdocs...')
#5 {main}
CRITICAL - 2021-01-05 08:33:21 --> Class 'App\Models\ProdukModel' not found
#0 C:\xampp\htdocs\yourcake\system\CodeIgniter.php(903): App\Controllers\Home->__construct()
#1 C:\xampp\htdocs\yourcake\system\CodeIgniter.php(417): CodeIgniter\CodeIgniter->createController()
#2 C:\xampp\htdocs\yourcake\system\CodeIgniter.php(333): CodeIgniter\CodeIgniter->handleRequest(NULL, Object(Config\Cache), false)
#3 C:\xampp\htdocs\yourcake\public\index.php(44): CodeIgniter\CodeIgniter->run()
#4 C:\xampp\htdocs\yourcake\system\Commands\Server\rewrite.php(45): require_once('C:\\xampp\\htdocs...')
#5 {main}
CRITICAL - 2021-01-05 08:33:27 --> Class 'App\Models\ProdukModel' not found
#0 C:\xampp\htdocs\yourcake\system\CodeIgniter.php(903): App\Controllers\Home->__construct()
#1 C:\xampp\htdocs\yourcake\system\CodeIgniter.php(417): CodeIgniter\CodeIgniter->createController()
#2 C:\xampp\htdocs\yourcake\system\CodeIgniter.php(333): CodeIgniter\CodeIgniter->handleRequest(NULL, Object(Config\Cache), false)
#3 C:\xampp\htdocs\yourcake\public\index.php(44): CodeIgniter\CodeIgniter->run()
#4 C:\xampp\htdocs\yourcake\system\Commands\Server\rewrite.php(45): require_once('C:\\xampp\\htdocs...')
#5 {main}
CRITICAL - 2021-01-05 08:34:00 --> Class 'App\Models\ProdukModel' not found
#0 C:\xampp\htdocs\yourcake\system\CodeIgniter.php(903): App\Controllers\Home->__construct()
#1 C:\xampp\htdocs\yourcake\system\CodeIgniter.php(417): CodeIgniter\CodeIgniter->createController()
#2 C:\xampp\htdocs\yourcake\system\CodeIgniter.php(333): CodeIgniter\CodeIgniter->handleRequest(NULL, Object(Config\Cache), false)
#3 C:\xampp\htdocs\yourcake\public\index.php(44): CodeIgniter\CodeIgniter->run()
#4 C:\xampp\htdocs\yourcake\system\Commands\Server\rewrite.php(45): require_once('C:\\xampp\\htdocs...')
#5 {main}
CRITICAL - 2021-01-05 08:41:42 --> Undefined property: App\Controllers\Home::$produk
#0 C:\xampp\htdocs\yourcake\app\Controllers\Home.php(53): CodeIgniter\Debug\Exceptions->errorHandler(8, 'Undefined prope...', 'C:\\xampp\\htdocs...', 53, Array)
#1 C:\xampp\htdocs\yourcake\system\CodeIgniter.php(931): App\Controllers\Home->crudproduk()
#2 C:\xampp\htdocs\yourcake\system\CodeIgniter.php(427): CodeIgniter\CodeIgniter->runController(Object(App\Controllers\Home))
#3 C:\xampp\htdocs\yourcake\system\CodeIgniter.php(333): CodeIgniter\CodeIgniter->handleRequest(NULL, Object(Config\Cache), false)
#4 C:\xampp\htdocs\yourcake\public\index.php(44): CodeIgniter\CodeIgniter->run()
#5 C:\xampp\htdocs\yourcake\system\Commands\Server\rewrite.php(45): require_once('C:\\xampp\\htdocs...')
#6 {main}
CRITICAL - 2021-01-05 21:21:23 --> Undefined property: App\Controllers\Home::$produk
#0 C:\xampp\htdocs\yourcake\app\Controllers\Home.php(53): CodeIgniter\Debug\Exceptions->errorHandler(8, 'Undefined prope...', 'C:\\xampp\\htdocs...', 53, Array)
#1 C:\xampp\htdocs\yourcake\system\CodeIgniter.php(931): App\Controllers\Home->crudproduk()
#2 C:\xampp\htdocs\yourcake\system\CodeIgniter.php(427): CodeIgniter\CodeIgniter->runController(Object(App\Controllers\Home))
#3 C:\xampp\htdocs\yourcake\system\CodeIgniter.php(333): CodeIgniter\CodeIgniter->handleRequest(NULL, Object(Config\Cache), false)
#4 C:\xampp\htdocs\yourcake\public\index.php(44): CodeIgniter\CodeIgniter->run()
#5 C:\xampp\htdocs\yourcake\system\Commands\Server\rewrite.php(45): require_once('C:\\xampp\\htdocs...')
#6 {main}
CRITICAL - 2021-01-05 21:34:21 --> Undefined variable: produkproduk
#0 C:\xampp\htdocs\yourcake\app\Views\home\beranda.php(72): CodeIgniter\Debug\Exceptions->errorHandler(8, 'Undefined varia...', 'C:\\xampp\\htdocs...', 72, Array)
#1 C:\xampp\htdocs\yourcake\system\View\View.php(219): include('C:\\xampp\\htdocs...')
#2 C:\xampp\htdocs\yourcake\system\Common.php(1213): CodeIgniter\View\View->render('home/beranda', Array, true)
#3 C:\xampp\htdocs\yourcake\app\Controllers\Home.php(24): view('home/beranda')
#4 C:\xampp\htdocs\yourcake\system\CodeIgniter.php(931): App\Controllers\Home->beranda()
#5 C:\xampp\htdocs\yourcake\system\CodeIgniter.php(427): CodeIgniter\CodeIgniter->runController(Object(App\Controllers\Home))
#6 C:\xampp\htdocs\yourcake\system\CodeIgniter.php(333): CodeIgniter\CodeIgniter->handleRequest(NULL, Object(Config\Cache), false)
#7 C:\xampp\htdocs\yourcake\public\index.php(44): CodeIgniter\CodeIgniter->run()
#8 C:\xampp\htdocs\yourcake\system\Commands\Server\rewrite.php(45): require_once('C:\\xampp\\htdocs...')
#9 {main}
CRITICAL - 2021-01-05 22:07:17 --> Call to undefined function logged_in()
#0 C:\xampp\htdocs\yourcake\system\View\View.php(219): include()
#1 C:\xampp\htdocs\yourcake\system\Common.php(1213): CodeIgniter\View\View->render('home/header', Array, true)
#2 C:\xampp\htdocs\yourcake\app\Controllers\Home.php(27): view('home/header')
#3 C:\xampp\htdocs\yourcake\system\CodeIgniter.php(931): App\Controllers\Home->beranda()
#4 C:\xampp\htdocs\yourcake\system\CodeIgniter.php(427): CodeIgniter\CodeIgniter->runController(Object(App\Controllers\Home))
#5 C:\xampp\htdocs\yourcake\system\CodeIgniter.php(333): CodeIgniter\CodeIgniter->handleRequest(NULL, Object(Config\Cache), false)
#6 C:\xampp\htdocs\yourcake\public\index.php(44): CodeIgniter\CodeIgniter->run()
#7 C:\xampp\htdocs\yourcake\system\Commands\Server\rewrite.php(45): require_once('C:\\xampp\\htdocs...')
#8 {main}
CRITICAL - 2021-01-05 22:08:44 --> Call to undefined function logged_in()
#0 C:\xampp\htdocs\yourcake\system\View\View.php(219): include()
#1 C:\xampp\htdocs\yourcake\system\Common.php(1213): CodeIgniter\View\View->render('home/header', Array, true)
#2 C:\xampp\htdocs\yourcake\app\Controllers\Home.php(27): view('home/header')
#3 C:\xampp\htdocs\yourcake\system\CodeIgniter.php(931): App\Controllers\Home->beranda()
#4 C:\xampp\htdocs\yourcake\system\CodeIgniter.php(427): CodeIgniter\CodeIgniter->runController(Object(App\Controllers\Home))
#5 C:\xampp\htdocs\yourcake\system\CodeIgniter.php(333): CodeIgniter\CodeIgniter->handleRequest(NULL, Object(Config\Cache), false)
#6 C:\xampp\htdocs\yourcake\public\index.php(44): CodeIgniter\CodeIgniter->run()
#7 C:\xampp\htdocs\yourcake\system\Commands\Server\rewrite.php(45): require_once('C:\\xampp\\htdocs...')
#8 {main}
CRITICAL - 2021-01-05 22:08:47 --> Call to undefined function logged_in()
#0 C:\xampp\htdocs\yourcake\system\View\View.php(219): include()
#1 C:\xampp\htdocs\yourcake\system\Common.php(1213): CodeIgniter\View\View->render('home/header', Array, true)
#2 C:\xampp\htdocs\yourcake\app\Controllers\Home.php(27): view('home/header')
#3 C:\xampp\htdocs\yourcake\system\CodeIgniter.php(931): App\Controllers\Home->beranda()
#4 C:\xampp\htdocs\yourcake\system\CodeIgniter.php(427): CodeIgniter\CodeIgniter->runController(Object(App\Controllers\Home))
#5 C:\xampp\htdocs\yourcake\system\CodeIgniter.php(333): CodeIgniter\CodeIgniter->handleRequest(NULL, Object(Config\Cache), false)
#6 C:\xampp\htdocs\yourcake\public\index.php(44): CodeIgniter\CodeIgniter->run()
#7 C:\xampp\htdocs\yourcake\system\Commands\Server\rewrite.php(45): require_once('C:\\xampp\\htdocs...')
#8 {main}
CRITICAL - 2021-01-05 22:12:22 --> Call to undefined function logged_in()
#0 C:\xampp\htdocs\yourcake\system\View\View.php(219): include()
#1 C:\xampp\htdocs\yourcake\system\Common.php(1213): CodeIgniter\View\View->render('home/header', Array, true)
#2 C:\xampp\htdocs\yourcake\app\Controllers\Home.php(27): view('home/header')
#3 C:\xampp\htdocs\yourcake\system\CodeIgniter.php(931): App\Controllers\Home->beranda()
#4 C:\xampp\htdocs\yourcake\system\CodeIgniter.php(427): CodeIgniter\CodeIgniter->runController(Object(App\Controllers\Home))
#5 C:\xampp\htdocs\yourcake\system\CodeIgniter.php(333): CodeIgniter\CodeIgniter->handleRequest(NULL, Object(Config\Cache), false)
#6 C:\xampp\htdocs\yourcake\public\index.php(44): CodeIgniter\CodeIgniter->run()
#7 C:\xampp\htdocs\yourcake\system\Commands\Server\rewrite.php(45): require_once('C:\\xampp\\htdocs...')
#8 {main}
CRITICAL - 2021-01-05 22:13:10 --> Call to undefined function user()
#0 C:\xampp\htdocs\yourcake\system\View\View.php(219): include()
#1 C:\xampp\htdocs\yourcake\system\Common.php(1213): CodeIgniter\View\View->render('home/header', Array, true)
#2 C:\xampp\htdocs\yourcake\app\Controllers\Home.php(27): view('home/header')
#3 C:\xampp\htdocs\yourcake\system\CodeIgniter.php(931): App\Controllers\Home->beranda()
#4 C:\xampp\htdocs\yourcake\system\CodeIgniter.php(427): CodeIgniter\CodeIgniter->runController(Object(App\Controllers\Home))
#5 C:\xampp\htdocs\yourcake\system\CodeIgniter.php(333): CodeIgniter\CodeIgniter->handleRequest(NULL, Object(Config\Cache), false)
#6 C:\xampp\htdocs\yourcake\public\index.php(44): CodeIgniter\CodeIgniter->run()
#7 C:\xampp\htdocs\yourcake\system\Commands\Server\rewrite.php(45): require_once('C:\\xampp\\htdocs...')
#8 {main}
CRITICAL - 2021-01-05 22:13:13 --> Call to undefined function user()
#0 C:\xampp\htdocs\yourcake\system\View\View.php(219): include()
#1 C:\xampp\htdocs\yourcake\system\Common.php(1213): CodeIgniter\View\View->render('home/header', Array, true)
#2 C:\xampp\htdocs\yourcake\app\Controllers\Home.php(27): view('home/header')
#3 C:\xampp\htdocs\yourcake\system\CodeIgniter.php(931): App\Controllers\Home->beranda()
#4 C:\xampp\htdocs\yourcake\system\CodeIgniter.php(427): CodeIgniter\CodeIgniter->runController(Object(App\Controllers\Home))
#5 C:\xampp\htdocs\yourcake\system\CodeIgniter.php(333): CodeIgniter\CodeIgniter->handleRequest(NULL, Object(Config\Cache), false)
#6 C:\xampp\htdocs\yourcake\public\index.php(44): CodeIgniter\CodeIgniter->run()
#7 C:\xampp\htdocs\yourcake\system\Commands\Server\rewrite.php(45): require_once('C:\\xampp\\htdocs...')
#8 {main}
